<?xml version="1.0" encoding="UTF-8"?>
<!-- Generated by org.testng.reporters.JUnitReportReporter -->
<testsuite hostname="LIN-5CG5162CM9" failures="0" tests="1" name="sauceDemoApplication.testCases.LoginTest" time="1.941" errors="0" timestamp="2025-07-12T17:03:16 IST" skipped="0">
  <testcase classname="sauceDemoApplication.testCases.LoginTest" name="login" time="1.941"/>
</testsuite> <!-- sauceDemoApplication.testCases.LoginTest -->
