<?xml version="1.0" encoding="UTF-8"?>
<!-- Generated by org.testng.reporters.JUnitReportReporter -->
<testsuite hostname="LIN-5CG5162CM9" failures="0" tests="3" name="sauceDemoApplication.testCases.LoginTest" time="3.759" errors="0" timestamp="2025-07-13T04:06:51 IST" skipped="0">
  <testcase classname="sauceDemoApplication.testCases.LoginTest" name="login" time="2.178"/>
  <testcase classname="sauceDemoApplication.testCases.LoginTest" name="login" time="0.742"/>
  <testcase classname="sauceDemoApplication.testCases.LoginTest" name="login" time="0.839"/>
</testsuite> <!-- sauceDemoApplication.testCases.LoginTest -->
